<?xml version="1.0" encoding="UTF-8"?>
<testsuite name="PrintFizzTest" tests="2" skipped="0" failures="0" errors="0" timestamp="2022-03-09T09:39:34" hostname="Poonkuzhalis-MacBook-Pro.local" time="0.034">
  <properties/>
  <testcase name="checkPrintFizznumbernotmultipleof3()" classname="PrintFizzTest" time="0.032"/>
  <testcase name="checkPrintFizz()" classname="PrintFizzTest" time="0.001"/>
  <system-out><![CDATA[]]></system-out>
  <system-err><![CDATA[]]></system-err>
</testsuite>
